<?xml version="1.0" encoding="UTF-8"?>
<!-- Generated by org.testng.reporters.JUnitReportReporter -->
<testsuite skipped="0" hostname="Sagar-PC" name="basicAnnotations.TestNGClass1" tests="3" failures="0" timestamp="25 Aug 2019 13:49:16 GMT" time="0.013" errors="0">
  <testcase name="logicTestCase" time="0.001" classname="basicAnnotations.TestNGClass1"/>
  <testcase name="logicTestCase" time="0.001" classname="basicAnnotations.TestNGClass1"/>
  <testcase name="logicTestCase" time="0.011" classname="basicAnnotations.TestNGClass1"/>
</testsuite> <!-- basicAnnotations.TestNGClass1 -->
