<?xml version="1.0" encoding="UTF-8"?>
<!-- Generated by org.testng.reporters.JUnitReportReporter -->
<testsuite skipped="1" hostname="Sagar-PC" name="anno1.TestNg1" tests="1" failures="0" timestamp="25 Aug 2019 15:15:02 GMT" time="0.000" errors="0">
  <testcase name="logicTestCase" time="0.000" classname="anno1.TestNg1">
    <skipped/>
  </testcase> <!-- logicTestCase -->
</testsuite> <!-- anno1.TestNg1 -->
