<?xml version="1.0" encoding="UTF-8"?>
<!-- Generated by org.testng.reporters.JUnitReportReporter -->
<testsuite skipped="1" hostname="Sagar-PC" name="basicAnnotation2.TestClass1" tests="2" failures="0" timestamp="26 Aug 2019 14:37:53 GMT" time="0.015" errors="0">
  <testcase name="test4" time="0.001" classname="basicAnnotation2.TestClass1">
    <skipped/>
  </testcase> <!-- test4 -->
  <testcase name="test5" time="0.014" classname="basicAnnotation2.TestClass1"/>
</testsuite> <!-- basicAnnotation2.TestClass1 -->
