<?xml version="1.0" encoding="UTF-8"?>
<!-- Generated by org.testng.reporters.JUnitReportReporter -->
<testsuite skipped="0" hostname="Sagar-PC" name="basicAnnotation2.TestClass2" tests="3" failures="0" timestamp="26 Aug 2019 14:40:20 GMT" time="0.017" errors="0">
  <testcase name="test1" time="0.013" classname="basicAnnotation2.TestClass2"/>
  <testcase name="test3" time="0.002" classname="basicAnnotation2.TestClass2"/>
  <testcase name="test2" time="0.002" classname="basicAnnotation2.TestClass2"/>
</testsuite> <!-- basicAnnotation2.TestClass2 -->
