<?xml version="1.0" encoding="UTF-8"?>
<!-- Generated by org.testng.reporters.JUnitReportReporter -->
<testsuite skipped="0" hostname="Sagar-PC" name="Basicselenium.Secondclass" tests="2" failures="0" timestamp="30 Aug 2019 14:23:52 GMT" time="29.653" errors="0">
  <testcase name="login" time="27.447" classname="Basicselenium.Secondclass"/>
  <testcase name="logout" time="2.206" classname="Basicselenium.Secondclass"/>
</testsuite> <!-- Basicselenium.Secondclass -->
