<?xml version="1.0" encoding="UTF-8"?>
<!-- Generated by org.testng.reporters.JUnitReportReporter -->
<testsuite skipped="0" hostname="Sagar-PC" name="Basicselenium.Testclass3" tests="1" failures="0" timestamp="30 Aug 2019 15:22:55 GMT" time="37.207" errors="0">
  <testcase name="BookFlight" time="37.207" classname="Basicselenium.Testclass3"/>
</testsuite> <!-- Basicselenium.Testclass3 -->
