<?xml version="1.0" encoding="UTF-8"?>
<!-- Generated by org.testng.reporters.JUnitReportReporter -->
<testsuite skipped="0" hostname="Sagar-PC" name="Basicselenium.TestClass2" tests="1" failures="0" timestamp="30 Aug 2019 14:31:51 GMT" time="53.477" errors="0">
  <testcase name="BookFlight" time="53.477" classname="Basicselenium.TestClass2"/>
</testsuite> <!-- Basicselenium.TestClass2 -->
