<?xml version="1.0" encoding="UTF-8"?>
<!-- Generated by org.testng.reporters.JUnitReportReporter -->
<testsuite skipped="0" hostname="Sagar-PC" name="Basicselenium.TestClass1" tests="2" failures="0" timestamp="30 Aug 2019 14:28:52 GMT" time="30.017" errors="0">
  <testcase name="login" time="28.252" classname="Basicselenium.TestClass1"/>
  <testcase name="logout" time="1.765" classname="Basicselenium.TestClass1"/>
</testsuite> <!-- Basicselenium.TestClass1 -->
