<?xml version="1.0" encoding="UTF-8"?>
<!-- Generated by org.testng.reporters.JUnitReportReporter -->
<testsuite skipped="0" hostname="Sagar-PC" name="Basicselenium.TestClass4" tests="1" failures="0" timestamp="30 Aug 2019 15:35:16 GMT" time="14.892" errors="0">
  <testcase name="test1" time="14.892" classname="Basicselenium.TestClass4"/>
</testsuite> <!-- Basicselenium.TestClass4 -->
