<?xml version="1.0" encoding="UTF-8"?>
<!-- Generated by org.testng.reporters.JUnitReportReporter -->
<testsuite skipped="0" hostname="Sagar-PC" name="testScript.Tc_BookAFlightOneWayOnePassanger" tests="2" failures="0" timestamp="10 Sep 2019 15:24:30 GMT" time="61.983" errors="0">
  <testcase name="login" time="59.973" classname="testScript.Tc_BookAFlightOneWayOnePassanger"/>
  <testcase name="bookAFlight" time="2.010" classname="testScript.Tc_BookAFlightOneWayOnePassanger"/>
</testsuite> <!-- testScript.Tc_BookAFlightOneWayOnePassanger -->
